<?xml version="1.0" encoding="UTF-8"?>
<!-- Generated by org.testng.reporters.JUnitXMLReporter -->
<testsuite hostname="Vidhans-MacBook-Pro-2.local" ignored="0" name="ArithematicTest" tests="4" failures="2" timestamp="09 Apr 2017 06:17:45 GMT" time="0.057" errors="0">
  <testcase name="negativeTest" time="0.013" classname="com.test.ArithematicTest">
    <failure type="java.lang.ArithmeticException" message="/ by zero">
      <![CDATA[java.lang.ArithmeticException: / by zero
	at com.test.ArithematicTest.negativeTest(ArithematicTest.java:27)
... Removed 25 stack frames]]>
    </failure>
  </testcase> <!-- negativeTest -->
  <testcase name="negativeTest1" time="0.002" classname="com.test.ArithematicTest">
    <failure type="java.lang.ArithmeticException" message="/ by zero">
      <![CDATA[java.lang.ArithmeticException: / by zero
	at com.test.ArithematicTest.negativeTest1(ArithematicTest.java:33)
... Removed 25 stack frames]]>
    </failure>
  </testcase> <!-- negativeTest1 -->
  <testcase name="positiveTest" time="0.003" classname="com.test.ArithematicTest"/>
  <testcase name="positiveTest1" time="0.002" classname="com.test.ArithematicTest"/>
</testsuite> <!-- ArithematicTest -->
