<?xml version="1.0" encoding="UTF-8"?>
<!-- Generated by org.testng.reporters.JUnitXMLReporter -->
<testsuite hostname="Vidhans-MBP-2" ignored="0" name="ArithematicTest" tests="4" failures="2" timestamp="09 Apr 2017 15:42:19 GMT" time="0.082" errors="0">
  <testcase name="negativeTest" time="0.02" classname="com.test.ArithematicTest">
    <failure type="java.lang.ArithmeticException" message="/ by zero">
      <![CDATA[java.lang.ArithmeticException: / by zero
	at com.test.ArithematicTest.negativeTest(ArithematicTest.java:28)
... Removed 25 stack frames]]>
    </failure>
  </testcase> <!-- negativeTest -->
  <testcase name="negativeTest1" time="0.004" classname="com.test.ArithematicTest">
    <failure type="java.lang.ArithmeticException" message="/ by zero">
      <![CDATA[java.lang.ArithmeticException: / by zero
	at com.test.ArithematicTest.negativeTest1(ArithematicTest.java:34)
... Removed 25 stack frames]]>
    </failure>
  </testcase> <!-- negativeTest1 -->
  <testcase name="positiveTest" time="0.005" classname="com.test.ArithematicTest"/>
  <testcase name="positiveTest1" time="0.001" classname="com.test.ArithematicTest"/>
</testsuite> <!-- ArithematicTest -->
