-------------------------------------------------------------------------------
Test set: com.test.ArithematicTest
-------------------------------------------------------------------------------
Tests run: 4, Failures: 2, Errors: 0, Skipped: 0, Time elapsed: 0.515 sec <<< FAILURE!
negativeTest(com.test.ArithematicTest)  Time elapsed: 0.025 sec  <<< FAILURE!
java.lang.ArithmeticException: / by zero
	at com.test.ArithematicTest.negativeTest(ArithematicTest.java:27)

negativeTest1(com.test.ArithematicTest)  Time elapsed: 0 sec  <<< FAILURE!
java.lang.ArithmeticException: / by zero
	at com.test.ArithematicTest.negativeTest1(ArithematicTest.java:33)

